1747998690505:q
1748020489184:cd hes-console; mvn clean install; mvn spring-boot:run
1748020492781:q
1748020503656:help
1748020507735:q
1748020515892:meter-add --meter-id meter1 --serial-number SN123 --manufacturer "ABC Corp" --ip-address 192.168.1.100
1748020519650:q
1748020527897:meter-list
1748020531737:q
1748020553417:meter-add --meter-id=meter1 --serial-number=SN123 --manufacturer="ABC Corp" --ip-address=192.168.1.100 --port=4059
1748020557253:q
1748020572804:meter-add --meter-id meter1 --serial-number SN123 --manufacturer "ABC Corp" --ip-address 192.168.1.100 --port 4059
1748020577446:q
1748020603084:meter-list
1748020606963:q
1748020617711:exit
1748020697698:q
1748020725065:cd hes-console; java -jar target/hes-console-1.0.0.jar
1748020730115:q
1748020739970:exit
1748020758371:q
1748020771024:meter-add --meter-id meter1 --serial-number SN123 --manufacturer "ABC Corp" --ip-address 192.168.1.100
1748020774951:q
1748020788848:help meter-add
1748020793242:q
1748020881561:mvn clean install; cd hes-console; mvn spring-boot:run
1748020886677:q
1748020901152:exit
1748020942916:q
1748020952312:cd hes-console; mvn spring-boot:run
1748020956482:q
1748020968273:java -jar hes-console/target/hes-console-1.0.0.jar
1748020974048:q
1748020982355:quit
1748021041892:q
1748021057412:meter-add -i meter1 -s SN123 -m "ABC Corp" -a 192.168.1.100 -p 4059
1748021060960:q
1748021070063:meter-list
1748021073799:q
1748021134730:help
1748021138122:q
1748021302722:help meter-add
1748021308129:q
